This file contains any messages produced by compilers while
running configure, to aid debugging if configure makes a mistake.

It was created by configure, which was
generated by GNU Autoconf 2.69.  Invocation command line was

  $ ./configure CC=/clang64/bin/clang.exe CFLAGS=-Wall -O2 LDFLAGS=-L/clang64/lib LIBS=-liconv CPPFLAGS=-I/clang64/include CPP=/clang64/bin/clang-cpp.exe

## --------- ##
## Platform. ##
## --------- ##

hostname = hidekiai-lt
uname -m = x86_64
uname -r = 3.4.10.x86_64
uname -s = MINGW64_NT-10.0-22631
uname -v = 2024-03-24 15:09 UTC

/usr/bin/uname -p = unknown
/bin/uname -X     = unknown

/bin/arch              = x86_64
/usr/bin/arch -k       = unknown
/usr/convex/getsysinfo = unknown
/usr/bin/hostinfo      = unknown
/bin/machine           = unknown
/usr/bin/oslevel       = unknown
/bin/universe          = unknown

PATH: C
PATH: \msys64\usr\bin;C
PATH: \msys64\ucrt64\bin;C
PATH: \msys64\ucrt64\sbin;C
PATH: \msys64\clang64\bin;C
PATH: \msys64\clang64\sbin;C
PATH: \msys64\mingw64\bin;C
PATH: \msys64\mingw64\sbin;C
PATH: \msys64\usr\x86_64-pc-msys\bin;C
PATH: \msys64\mingw64\x86_64-w64-mingw32\bin;C
PATH: \msys64\ucrt64\x86_64-w64-mingw32\bin;C
PATH: \msys64\clang32\bin;C
PATH: \msys64\mingw32\bin;
PATH: /mingw64/bin
PATH: /usr/local/bin
PATH: /usr/bin
PATH: /bin
PATH: /c/Windows/System32
PATH: /c/Windows
PATH: /c/Windows/System32/Wbem
PATH: /c/Windows/System32/WindowsPowerShell/v1.0/
PATH: /usr/bin/site_perl
PATH: /usr/bin/vendor_perl
PATH: /usr/bin/core_perl
PATH: /c/Users/HidekiAI/.fzf/bin
PATH: /home/HidekiAI/.cargo/bin
PATH: /c/Users/HidekiAI/AppData/Roaming/nvm/
PATH: /c/Program Files/nodejs/


## ----------- ##
## Core tests. ##
## ----------- ##

configure:2111: loading site script /etc/config.site
| # This file is in public domain.
| # Original author: Karlson2k (Evgeny Grin)
| # Written for MSys2 to help running 'configure' scripts
| 
| # Defaults for MSys2/MinGW64-targeted programs
| 
| # Set proper selfname on bash and fallback to default name on other shells
| test -n "${BASH_SOURCE}" 2>/dev/null && config_site_me="${BASH_SOURCE[0]##*/}" || config_site_me=config.site
| 
| # Set default 'host' to speedup configure
| if test -z "$build_alias"; then
|   build_alias="${MSYSTEM_CHOST}"  && \
|     ${as_echo-echo} "$config_site_me:${as_lineno-$LINENO}: default build_alias set to $build_alias" >&5
| fi
| 
| # Set default 'prefix'
| if ( test -z "$prefix" || test "x$prefix" = "xNONE" ) && \
|     ( test -z "$exec_prefix" || test "x$exec_prefix" = "xNONE" ); then
|   prefix="${MSYSTEM_PREFIX}" && \
|     ${as_echo-echo} "$config_site_me:${as_lineno-$LINENO}: default prefix set to $prefix" >&5
| fi
config.site:13: default build_alias set to x86_64-w64-mingw32
config.site:20: default prefix set to /mingw64
configure:2254: checking for a BSD-compatible install
configure:2322: result: /usr/bin/install -c
configure:2333: checking whether build environment is sane
configure:2383: result: yes
configure:2524: checking for a thread-safe mkdir -p
configure:2563: result: /usr/bin/mkdir -p
configure:2576: checking for gawk
configure:2592: found /usr/bin/gawk
configure:2603: result: gawk
configure:2614: checking whether make sets $(MAKE)
configure:2636: result: yes
configure:2718: checking whether to enable maintainer-specific portions of Makefiles
configure:2727: result: no
configure:2789: checking for gcc
configure:2816: result: /clang64/bin/clang.exe
configure:3045: checking for C compiler version
configure:3054: /clang64/bin/clang.exe --version >&5
clang version 18.1.2
Target: x86_64-w64-windows-gnu
Thread model: posix
InstalledDir: C:/msys64/clang64/bin
configure:3065: $? = 0
configure:3054: /clang64/bin/clang.exe -v >&5
clang version 18.1.2
Target: x86_64-w64-windows-gnu
Thread model: posix
InstalledDir: C:/msys64/clang64/bin
configure:3065: $? = 0
configure:3054: /clang64/bin/clang.exe -V >&5
clang: error: argument to '-V' is missing (expected 1 value)
clang: error: no input files
configure:3065: $? = 1
configure:3054: /clang64/bin/clang.exe -qversion >&5
clang: error: unknown argument '-qversion'; did you mean '--version'?
clang: error: no input files
configure:3065: $? = 1
configure:3085: checking whether the C compiler works
configure:3107: /clang64/bin/clang.exe -Wall -O2 -I/clang64/include -L/clang64/lib conftest.c -liconv >&5
configure:3111: $? = 0
configure:3159: result: yes
configure:3162: checking for C compiler default output file name
configure:3164: result: a.exe
configure:3170: checking for suffix of executables
configure:3177: /clang64/bin/clang.exe -o conftest.exe -Wall -O2 -I/clang64/include -L/clang64/lib conftest.c -liconv >&5
configure:3181: $? = 0
configure:3203: result: .exe
configure:3225: checking whether we are cross compiling
configure:3233: /clang64/bin/clang.exe -o conftest.exe -Wall -O2 -I/clang64/include -L/clang64/lib conftest.c -liconv >&5
configure:3237: $? = 0
configure:3244: ./conftest.exe
configure:3248: $? = 0
configure:3263: result: no
configure:3268: checking for suffix of object files
configure:3290: /clang64/bin/clang.exe -c -Wall -O2 -I/clang64/include conftest.c >&5
configure:3294: $? = 0
configure:3315: result: o
configure:3319: checking whether we are using the GNU C compiler
configure:3338: /clang64/bin/clang.exe -c -Wall -O2 -I/clang64/include conftest.c >&5
configure:3338: $? = 0
configure:3347: result: yes
configure:3356: checking whether /clang64/bin/clang.exe accepts -g
configure:3376: /clang64/bin/clang.exe -c -g -I/clang64/include conftest.c >&5
configure:3376: $? = 0
configure:3417: result: yes
configure:3434: checking for /clang64/bin/clang.exe option to accept ISO C89
configure:3497: /clang64/bin/clang.exe  -c -Wall -O2 -I/clang64/include conftest.c >&5
conftest.c:17:14: warning: a function definition without a prototype is deprecated in all versions of C and is not supported in C23 [-Wdeprecated-non-prototype]
   17 | static char *e (p, i)
      |              ^
1 warning generated.
configure:3497: $? = 0
configure:3510: result: none needed
configure:3541: checking for style of include used by make
configure:3569: result: GNU
configure:3595: checking dependency style of /clang64/bin/clang.exe
configure:3706: result: none
configure:3726: checking how to run the C preprocessor
configure:3796: result: /clang64/bin/clang-cpp.exe
configure:3816: /clang64/bin/clang-cpp.exe -I/clang64/include conftest.c
configure:3816: $? = 0
configure:3830: /clang64/bin/clang-cpp.exe -I/clang64/include conftest.c
conftest.c:11:10: fatal error: 'ac_nonexistent.h' file not found
   11 | #include <ac_nonexistent.h>
      |          ^~~~~~~~~~~~~~~~~~
1 error generated.
configure:3830: $? = 1
configure: failed program was:
| /* confdefs.h */
| #define PACKAGE_NAME ""
| #define PACKAGE_TARNAME ""
| #define PACKAGE_VERSION ""
| #define PACKAGE_STRING ""
| #define PACKAGE_BUGREPORT ""
| #define PACKAGE_URL ""
| #define PACKAGE "kakasi"
| #define VERSION "2.3.6"
| /* end confdefs.h.  */
| #include <ac_nonexistent.h>
configure:3859: checking whether make sets $(MAKE)
configure:3881: result: yes
configure:3925: checking build system type
configure:3939: result: x86_64-w64-mingw32
configure:3959: checking host system type
configure:3972: result: x86_64-w64-mingw32
configure:4013: checking how to print strings
configure:4040: result: printf
configure:4061: checking for a sed that does not truncate output
configure:4125: result: /usr/bin/sed
configure:4143: checking for grep that handles long lines and -e
configure:4201: result: /usr/bin/grep
configure:4206: checking for egrep
configure:4268: result: /usr/bin/grep -E
configure:4273: checking for fgrep
configure:4335: result: /usr/bin/grep -F
configure:4370: checking for ld used by /clang64/bin/clang.exe
configure:4437: result: C:/msys64/clang64/bin/ld
configure:4444: checking if the linker (C:/msys64/clang64/bin/ld) is GNU ld
configure:4459: result: yes
configure:4471: checking for BSD- or MS-compatible name lister (nm)
configure:4520: result: /mingw64/bin/nm -B
configure:4650: checking the name lister (/mingw64/bin/nm -B) interface
configure:4657: /clang64/bin/clang.exe -c -Wall -O2 -I/clang64/include conftest.c >&5
configure:4660: /mingw64/bin/nm -B "conftest.o"
configure:4663: output
0000000000000000 b .bss
0000000000000000 d .data
0000000000000000 n .llvm_addrsig
0000000000000000 t .text
0000000000000000 a @feat.00
0000000000000000 B some_variable
configure:4670: result: BSD nm
configure:4673: checking whether ln -s works
configure:4680: result: no, using cp -pR
configure:4685: checking the maximum length of command line arguments
configure:4815: result: 8192
configure:4832: checking whether the shell understands some XSI constructs
configure:4842: result: yes
configure:4846: checking whether the shell understands "+="
configure:4852: result: yes
configure:4887: checking how to convert x86_64-w64-mingw32 file names to x86_64-w64-mingw32 format
configure:4927: result: func_convert_file_msys_to_w32
configure:4934: checking how to convert x86_64-w64-mingw32 file names to toolchain format
configure:4954: result: func_convert_file_msys_to_w32
configure:4961: checking for C:/msys64/clang64/bin/ld option to reload object files
configure:4968: result: -r
configure:5042: checking for objdump
configure:5058: found /mingw64/bin/objdump
configure:5069: result: objdump
configure:5101: checking how to recognize dependent libraries
configure:5299: result: file_magic ^x86 archive import|^x86 DLL
configure:5384: checking for dlltool
configure:5400: found /mingw64/bin/dlltool
configure:5411: result: dlltool
configure:5444: checking how to associate runtime and link libraries
configure:5471: result: func_cygming_dll_for_implib
configure:5532: checking for ar
configure:5548: found /mingw64/bin/ar
configure:5559: result: ar
configure:5596: checking for archiver @FILE support
configure:5613: /clang64/bin/clang.exe -c -Wall -O2 -I/clang64/include conftest.c >&5
configure:5613: $? = 0
configure:5616: ar cru libconftest.a @conftest.lst >&5
C:\msys64\mingw64\bin\ar.exe: `u' modifier ignored since `D' is the default (see `U')
configure:5619: $? = 0
configure:5624: ar cru libconftest.a @conftest.lst >&5
C:\msys64\mingw64\bin\ar.exe: `u' modifier ignored since `D' is the default (see `U')
C:\msys64\mingw64\bin\ar.exe: conftest.o: No such file or directory
configure:5627: $? = 1
configure:5639: result: @
configure:5697: checking for strip
configure:5713: found /mingw64/bin/strip
configure:5724: result: strip
configure:5796: checking for ranlib
configure:5812: found /mingw64/bin/ranlib
configure:5823: result: ranlib
configure:5925: checking command to parse /mingw64/bin/nm -B output from /clang64/bin/clang.exe object
configure:6045: /clang64/bin/clang.exe -c -Wall -O2 -I/clang64/include conftest.c >&5
configure:6048: $? = 0
configure:6052: /mingw64/bin/nm -B conftest.o \| sed -n -e 's/^.*[ ]\([ABCDGIRSTW][ABCDGIRSTW]*\)[ ][ ]*\([_A-Za-z][_A-Za-z0-9]*\)\{0,1\}$/\1 \2 \2/p' | sed '/ __gnu_lto/d' \> conftest.nm
configure:6055: $? = 0
configure:6121: /clang64/bin/clang.exe -o conftest.exe -Wall -O2 -I/clang64/include -L/clang64/lib conftest.c conftstm.o >&5
configure:6124: $? = 0
configure:6162: result: ok
configure:6199: checking for sysroot
configure:6229: result: no
configure:6485: checking for mt
configure:6515: result: no
configure:6535: checking if : is a manifest tool
configure:6541: : '-?'
configure:6549: result: no
configure:7187: checking for ANSI C header files
configure:7207: /clang64/bin/clang.exe -c -Wall -O2 -I/clang64/include conftest.c >&5
configure:7207: $? = 0
configure:7280: /clang64/bin/clang.exe -o conftest.exe -Wall -O2 -I/clang64/include -L/clang64/lib conftest.c -liconv >&5
configure:7280: $? = 0
configure:7280: ./conftest.exe
configure:7280: $? = 0
configure:7291: result: yes
configure:7304: checking for sys/types.h
configure:7304: /clang64/bin/clang.exe -c -Wall -O2 -I/clang64/include conftest.c >&5
configure:7304: $? = 0
configure:7304: result: yes
configure:7304: checking for sys/stat.h
configure:7304: /clang64/bin/clang.exe -c -Wall -O2 -I/clang64/include conftest.c >&5
configure:7304: $? = 0
configure:7304: result: yes
configure:7304: checking for stdlib.h
configure:7304: /clang64/bin/clang.exe -c -Wall -O2 -I/clang64/include conftest.c >&5
configure:7304: $? = 0
configure:7304: result: yes
configure:7304: checking for string.h
configure:7304: /clang64/bin/clang.exe -c -Wall -O2 -I/clang64/include conftest.c >&5
configure:7304: $? = 0
configure:7304: result: yes
configure:7304: checking for memory.h
configure:7304: /clang64/bin/clang.exe -c -Wall -O2 -I/clang64/include conftest.c >&5
configure:7304: $? = 0
configure:7304: result: yes
configure:7304: checking for strings.h
configure:7304: /clang64/bin/clang.exe -c -Wall -O2 -I/clang64/include conftest.c >&5
configure:7304: $? = 0
configure:7304: result: yes
configure:7304: checking for inttypes.h
configure:7304: /clang64/bin/clang.exe -c -Wall -O2 -I/clang64/include conftest.c >&5
configure:7304: $? = 0
configure:7304: result: yes
configure:7304: checking for stdint.h
configure:7304: /clang64/bin/clang.exe -c -Wall -O2 -I/clang64/include conftest.c >&5
configure:7304: $? = 0
configure:7304: result: yes
configure:7304: checking for unistd.h
configure:7304: /clang64/bin/clang.exe -c -Wall -O2 -I/clang64/include conftest.c >&5
configure:7304: $? = 0
configure:7304: result: yes
configure:7318: checking for dlfcn.h
configure:7318: /clang64/bin/clang.exe -c -Wall -O2 -I/clang64/include conftest.c >&5
conftest.c:55:10: fatal error: 'dlfcn.h' file not found
   55 | #include <dlfcn.h>
      |          ^~~~~~~~~
1 error generated.
configure:7318: $? = 1
configure: failed program was:
| /* confdefs.h */
| #define PACKAGE_NAME ""
| #define PACKAGE_TARNAME ""
| #define PACKAGE_VERSION ""
| #define PACKAGE_STRING ""
| #define PACKAGE_BUGREPORT ""
| #define PACKAGE_URL ""
| #define PACKAGE "kakasi"
| #define VERSION "2.3.6"
| #define STDC_HEADERS 1
| #define HAVE_SYS_TYPES_H 1
| #define HAVE_SYS_STAT_H 1
| #define HAVE_STDLIB_H 1
| #define HAVE_STRING_H 1
| #define HAVE_MEMORY_H 1
| #define HAVE_STRINGS_H 1
| #define HAVE_INTTYPES_H 1
| #define HAVE_STDINT_H 1
| #define HAVE_UNISTD_H 1
| /* end confdefs.h.  */
| #include <stdio.h>
| #ifdef HAVE_SYS_TYPES_H
| # include <sys/types.h>
| #endif
| #ifdef HAVE_SYS_STAT_H
| # include <sys/stat.h>
| #endif
| #ifdef STDC_HEADERS
| # include <stdlib.h>
| # include <stddef.h>
| #else
| # ifdef HAVE_STDLIB_H
| #  include <stdlib.h>
| # endif
| #endif
| #ifdef HAVE_STRING_H
| # if !defined STDC_HEADERS && defined HAVE_MEMORY_H
| #  include <memory.h>
| # endif
| # include <string.h>
| #endif
| #ifdef HAVE_STRINGS_H
| # include <strings.h>
| #endif
| #ifdef HAVE_INTTYPES_H
| # include <inttypes.h>
| #endif
| #ifdef HAVE_STDINT_H
| # include <stdint.h>
| #endif
| #ifdef HAVE_UNISTD_H
| # include <unistd.h>
| #endif
| 
| #include <dlfcn.h>
configure:7318: result: no
configure:7524: checking for objdir
configure:7539: result: .libs
configure:7806: checking if /clang64/bin/clang.exe supports -fno-rtti -fno-exceptions
configure:7824: /clang64/bin/clang.exe -c -Wall -O2 -I/clang64/include -fno-rtti -fno-exceptions conftest.c >&5
configure:7828: $? = 0
configure:7841: result: yes
configure:8168: checking for /clang64/bin/clang.exe option to produce PIC
configure:8175: result: -DDLL_EXPORT -DPIC
configure:8183: checking if /clang64/bin/clang.exe PIC flag -DDLL_EXPORT -DPIC works
configure:8201: /clang64/bin/clang.exe -c -Wall -O2 -I/clang64/include -DDLL_EXPORT -DPIC -DPIC conftest.c >&5
configure:8205: $? = 0
configure:8218: result: yes
configure:8247: checking if /clang64/bin/clang.exe static flag -static works
configure:8275: result: yes
configure:8290: checking if /clang64/bin/clang.exe supports -c -o file.o
configure:8311: /clang64/bin/clang.exe -c -Wall -O2 -I/clang64/include -o out/conftest2.o conftest.c >&5
configure:8315: $? = 0
configure:8337: result: yes
configure:8345: checking if /clang64/bin/clang.exe supports -c -o file.o
configure:8392: result: yes
configure:8425: checking whether the /clang64/bin/clang.exe linker (C:/msys64/clang64/bin/ld) supports shared libraries
configure:9582: result: yes
configure:9619: checking whether -lc should be explicitly linked in
configure:9627: /clang64/bin/clang.exe -c -Wall -O2 -I/clang64/include conftest.c >&5
configure:9630: $? = 0
configure:9645: /clang64/bin/clang.exe -shared conftest.o  -v -o ./conftest -Wl,--enable-auto-image-base -Xlinker --out-implib -Xlinker conftest 2\>\&1 \| /usr/bin/grep  -lc  \>/dev/null 2\>\&1
configure:9648: $? = 1
configure:9662: result: yes
configure:9822: checking dynamic linker characteristics
configure:10556: result: Win32 ld.exe
configure:10663: checking how to hardcode library paths into programs
configure:10688: result: immediate
configure:11228: checking whether stripping libraries is possible
configure:11233: result: yes
configure:11268: checking if libtool supports shared libraries
configure:11270: result: yes
configure:11273: checking whether to build shared libraries
configure:11294: result: yes
configure:11297: checking whether to build static libraries
configure:11301: result: yes
configure:11339: checking for main in -le
configure:11358: /clang64/bin/clang.exe -o conftest.exe -Wall -O2 -I/clang64/include -L/clang64/lib conftest.c -le  -liconv >&5
conftest.c:26:1: warning: all paths through this function will call itself [-Winfinite-recursion]
   26 | {
      | ^
1 warning generated.
lld: error: unable to find library -le
clang: error: linker command failed with exit code 1 (use -v to see invocation)
configure:11358: $? = 1
configure: failed program was:
| /* confdefs.h */
| #define PACKAGE_NAME ""
| #define PACKAGE_TARNAME ""
| #define PACKAGE_VERSION ""
| #define PACKAGE_STRING ""
| #define PACKAGE_BUGREPORT ""
| #define PACKAGE_URL ""
| #define PACKAGE "kakasi"
| #define VERSION "2.3.6"
| #define STDC_HEADERS 1
| #define HAVE_SYS_TYPES_H 1
| #define HAVE_SYS_STAT_H 1
| #define HAVE_STDLIB_H 1
| #define HAVE_STRING_H 1
| #define HAVE_MEMORY_H 1
| #define HAVE_STRINGS_H 1
| #define HAVE_INTTYPES_H 1
| #define HAVE_STDINT_H 1
| #define HAVE_UNISTD_H 1
| #define LT_OBJDIR ".libs/"
| /* end confdefs.h.  */
| 
| 
| int
| main ()
| {
| return main ();
|   ;
|   return 0;
| }
configure:11367: result: no
configure:11379: checking for ANSI C header files
configure:11483: result: yes
configure:11494: checking malloc.h usability
configure:11494: /clang64/bin/clang.exe -c -Wall -O2 -I/clang64/include conftest.c >&5
configure:11494: $? = 0
configure:11494: result: yes
configure:11494: checking malloc.h presence
configure:11494: /clang64/bin/clang-cpp.exe -I/clang64/include conftest.c
configure:11494: $? = 0
configure:11494: result: yes
configure:11494: checking for malloc.h
configure:11494: result: yes
configure:11494: checking for string.h
configure:11494: result: yes
configure:11494: checking for strings.h
configure:11494: result: yes
configure:11508: checking for memmove
configure:11508: /clang64/bin/clang.exe -o conftest.exe -Wall -O2 -I/clang64/include -L/clang64/lib conftest.c -liconv >&5
conftest.c:49:6: warning: incompatible redeclaration of library function 'memmove' [-Wincompatible-library-redeclaration]
   49 | char memmove ();
      |      ^
conftest.c:49:6: note: 'memmove' is a builtin with type 'void *(void *, const void *, unsigned long long)'
1 warning generated.
configure:11508: $? = 0
configure:11508: result: yes
configure:11518: checking for wakatigaki
configure:11533: result: yes
configure:11539: checking for eachyomi
configure:11554: result: yes
configure:11560: checking for utf8 conversion
configure:11575: result: yes
configure:11617: checking for ld used by GCC
configure:11681: result: C:/msys64/clang64/bin/ld
configure:11688: checking if the linker (C:/msys64/clang64/bin/ld) is GNU ld
configure:11701: result: yes
configure:11708: checking for shared library run path origin
configure:11721: result: done
configure:12299: checking for iconv
configure:12321: /clang64/bin/clang.exe -o conftest.exe -Wall -O2 -I/clang64/include -L/clang64/lib conftest.c -liconv >&5
configure:12321: $? = 0
configure:12353: result: yes
configure:12356: checking for working iconv
configure:12451: /clang64/bin/clang.exe -o conftest.exe -Wall -O2 -I/clang64/include -L/clang64/lib conftest.c -liconv >&5
configure:12451: $? = 0
configure:12451: ./conftest.exe
configure:12451: $? = 0
configure:12463: result: yes
configure:12491: checking for iconv declaration
configure:12520: /clang64/bin/clang.exe -c -Wall -O2 -I/clang64/include conftest.c >&5
configure:12520: $? = 0
configure:12531: result:
         extern size_t iconv (iconv_t cd, char * *inbuf, size_t *inbytesleft, char * *outbuf, size_t *outbytesleft);
configure:12566: /clang64/bin/clang.exe -o conftest.exe -Wall -O2 -I/clang64/include -L/clang64/lib conftest.c  -liconv >&5
conftest.c:37:34: warning: comparison between pointer and integer ('libiconv_t' (aka 'void *') and 'int') [-Wpointer-integer-compare]
   37 | if (iconv_open("UTF-8", "UTF-8") == -1) exit(1);
      |     ~~~~~~~~~~~~~~~~~~~~~~~~~~~~ ^  ~~
conftest.c:37:41: error: call to undeclared library function 'exit' with type 'void (int) __attribute__((noreturn))'; ISO C99 and later do not support implicit function declarations [-Wimplicit-function-declaration]
   37 | if (iconv_open("UTF-8", "UTF-8") == -1) exit(1);
      |                                         ^
conftest.c:37:41: note: include the header <stdlib.h> or explicitly provide a declaration for 'exit'
1 warning and 1 error generated.
configure:12566: $? = 1
configure: program exited with status 1
configure: failed program was:
| /* confdefs.h */
| #define PACKAGE_NAME ""
| #define PACKAGE_TARNAME ""
| #define PACKAGE_VERSION ""
| #define PACKAGE_STRING ""
| #define PACKAGE_BUGREPORT ""
| #define PACKAGE_URL ""
| #define PACKAGE "kakasi"
| #define VERSION "2.3.6"
| #define STDC_HEADERS 1
| #define HAVE_SYS_TYPES_H 1
| #define HAVE_SYS_STAT_H 1
| #define HAVE_STDLIB_H 1
| #define HAVE_STRING_H 1
| #define HAVE_MEMORY_H 1
| #define HAVE_STRINGS_H 1
| #define HAVE_INTTYPES_H 1
| #define HAVE_STDINT_H 1
| #define HAVE_UNISTD_H 1
| #define LT_OBJDIR ".libs/"
| #define STDC_HEADERS 1
| #define HAVE_MALLOC_H 1
| #define HAVE_STRING_H 1
| #define HAVE_STRINGS_H 1
| #define HAVE_MEMMOVE 1
| #define WAKATIGAKI 1
| #define EACH_YOMI 1
| #define HAVE_ICONV 1
| #define ICONV_CONST 
| #define KAKASI_SUPPORT_UTF8 1
| /* end confdefs.h.  */
| #include <iconv.h>
| int
| main ()
| {
| //if (iconv_open("EUC-JP", "UTF-8") == -1) exit(1); fails on MinGW due to EUC-JP
| if (iconv_open("UTF-8", "UTF-8") == -1) exit(1);
|   ;
|   return 0;
| }
configure:12579: /clang64/bin/clang.exe -Wall  -xc /dev/null -S -o /dev/null
configure:12582: $? = 0
configure:12587: /clang64/bin/clang.exe -Wunused  -xc /dev/null -S -o /dev/null
configure:12590: $? = 0
configure:12595: /clang64/bin/clang.exe -Wuninitialized  -xc /dev/null -S -o /dev/null
configure:12598: $? = 0
configure:12603: /clang64/bin/clang.exe -Wmissing-declarations  -xc /dev/null -S -o /dev/null
configure:12606: $? = 0
configure:12611: /clang64/bin/clang.exe -Wmissing-prototypes  -xc /dev/null -S -o /dev/null
configure:12614: $? = 0
configure:12619: /clang64/bin/clang.exe -pedantic  -xc /dev/null -S -o /dev/null
nul:1:1: warning: ISO C requires a translation unit to contain at least one declaration [-Wempty-translation-unit]
1 warning generated.
configure:12622: $? = 0
configure:12627: /clang64/bin/clang.exe -Wno-unused-result  -xc /dev/null -S -o /dev/null
configure:12630: $? = 0
configure:12767: creating ./config.status

## ---------------------- ##
## Running config.status. ##
## ---------------------- ##

This file was extended by config.status, which was
generated by GNU Autoconf 2.69.  Invocation command line was

  CONFIG_FILES    = 
  CONFIG_HEADERS  = 
  CONFIG_LINKS    = 
  CONFIG_COMMANDS = 
  $ ./config.status 

on hidekiai-lt

config.status:1112: creating src/Makefile
config.status:1112: creating lib/Makefile
config.status:1112: creating lib/makefile.msc
config.status:1112: creating man/Makefile
config.status:1112: creating tests/Makefile
config.status:1112: creating tests/data/Makefile
config.status:1112: creating Makefile
config.status:1112: creating kakasi-config
config.status:1112: creating kakasi.spec
config.status:1112: creating config.h
config.status:1341: executing depfiles commands
config.status:1341: executing libtool commands
config.status:1341: executing default commands

## ---------------- ##
## Cache variables. ##
## ---------------- ##

ac_cv_build=x86_64-w64-mingw32
ac_cv_c_compiler_gnu=yes
ac_cv_env_CC_set=set
ac_cv_env_CC_value=/clang64/bin/clang.exe
ac_cv_env_CFLAGS_set=set
ac_cv_env_CFLAGS_value='-Wall -O2'
ac_cv_env_CPPFLAGS_set=set
ac_cv_env_CPPFLAGS_value=-I/clang64/include
ac_cv_env_CPP_set=set
ac_cv_env_CPP_value=/clang64/bin/clang-cpp.exe
ac_cv_env_LDFLAGS_set=set
ac_cv_env_LDFLAGS_value=-L/clang64/lib
ac_cv_env_LIBS_set=set
ac_cv_env_LIBS_value=-liconv
ac_cv_env_build_alias_set=
ac_cv_env_build_alias_value=
ac_cv_env_host_alias_set=
ac_cv_env_host_alias_value=
ac_cv_env_target_alias_set=
ac_cv_env_target_alias_value=
ac_cv_exeext=.exe
ac_cv_func_memmove=yes
ac_cv_header_dlfcn_h=no
ac_cv_header_inttypes_h=yes
ac_cv_header_malloc_h=yes
ac_cv_header_memory_h=yes
ac_cv_header_stdc=yes
ac_cv_header_stdint_h=yes
ac_cv_header_stdlib_h=yes
ac_cv_header_string_h=yes
ac_cv_header_strings_h=yes
ac_cv_header_sys_stat_h=yes
ac_cv_header_sys_types_h=yes
ac_cv_header_unistd_h=yes
ac_cv_host=x86_64-w64-mingw32
ac_cv_lib_e_main=no
ac_cv_objext=o
ac_cv_path_EGREP='/usr/bin/grep -E'
ac_cv_path_FGREP='/usr/bin/grep -F'
ac_cv_path_GREP=/usr/bin/grep
ac_cv_path_SED=/usr/bin/sed
ac_cv_path_install='/usr/bin/install -c'
ac_cv_path_mkdir=/usr/bin/mkdir
ac_cv_prog_AWK=gawk
ac_cv_prog_CPP=/clang64/bin/clang-cpp.exe
ac_cv_prog_ac_ct_AR=ar
ac_cv_prog_ac_ct_CC=/clang64/bin/clang.exe
ac_cv_prog_ac_ct_DLLTOOL=dlltool
ac_cv_prog_ac_ct_OBJDUMP=objdump
ac_cv_prog_ac_ct_RANLIB=ranlib
ac_cv_prog_ac_ct_STRIP=strip
ac_cv_prog_cc_c89=
ac_cv_prog_cc_g=yes
ac_cv_prog_make_make_set=yes
acl_cv_hardcode_direct=no
acl_cv_hardcode_libdir_flag_spec='${wl}-rpath ${wl}$libdir'
acl_cv_hardcode_libdir_separator=
acl_cv_hardcode_minus_L=no
acl_cv_libext=a
acl_cv_path_LD=C:/msys64/clang64/bin/ld
acl_cv_prog_gnu_ld=yes
acl_cv_rpath=done
acl_cv_shlibext=dll
acl_cv_wl=-Wl,
am_cv_CC_dependencies_compiler_type=none
am_cv_func_iconv=yes
am_cv_func_iconv_works=yes
am_cv_lib_iconv=no
am_cv_proto_iconv='extern size_t iconv (iconv_t cd, char * *inbuf, size_t *inbytesleft, char * *outbuf, size_t *outbytesleft);'
am_cv_proto_iconv_arg1=
lt_cv_ar_at_file=@
lt_cv_archive_cmds_need_lc=yes
lt_cv_deplibs_check_method='file_magic ^x86 archive import|^x86 DLL'
lt_cv_file_magic_cmd=func_win32_libid
lt_cv_file_magic_test_file=
lt_cv_ld_reload_flag=-r
lt_cv_nm_interface='BSD nm'
lt_cv_objdir=.libs
lt_cv_path_LD=C:/msys64/clang64/bin/ld
lt_cv_path_NM='/mingw64/bin/nm -B'
lt_cv_path_mainfest_tool=no
lt_cv_prog_compiler_c_o=yes
lt_cv_prog_compiler_pic='-DDLL_EXPORT -DPIC'
lt_cv_prog_compiler_pic_works=yes
lt_cv_prog_compiler_rtti_exceptions=yes
lt_cv_prog_compiler_static_works=yes
lt_cv_prog_gnu_ld=yes
lt_cv_sharedlib_from_linklib_cmd=func_cygming_dll_for_implib
lt_cv_sys_global_symbol_pipe='sed -n -e '\''s/^.*[	 ]\([ABCDGIRSTW][ABCDGIRSTW]*\)[	 ][	 ]*\([_A-Za-z][_A-Za-z0-9]*\)\{0,1\}$/\1 \2 \2/p'\'' | sed '\''/ __gnu_lto/d'\'''
lt_cv_sys_global_symbol_to_c_name_address='sed -n -e '\''s/^: \([^ ]*\)[ ]*$/  {\"\1\", (void *) 0},/p'\'' -e '\''s/^[ABCDGIRSTW]* \([^ ]*\) \([^ ]*\)$/  {"\2", (void *) \&\2},/p'\'''
lt_cv_sys_global_symbol_to_c_name_address_lib_prefix='sed -n -e '\''s/^: \([^ ]*\)[ ]*$/  {\"\1\", (void *) 0},/p'\'' -e '\''s/^[ABCDGIRSTW]* \([^ ]*\) \(lib[^ ]*\)$/  {"\2", (void *) \&\2},/p'\'' -e '\''s/^[ABCDGIRSTW]* \([^ ]*\) \([^ ]*\)$/  {"lib\2", (void *) \&\2},/p'\'''
lt_cv_sys_global_symbol_to_cdecl='sed -n -e '\''s/^T .* \(.*\)$/extern int \1();/p'\'' -e '\''s/^[ABCDGIRSTW]* .* \(.*\)$/extern char \1;/p'\'''
lt_cv_sys_max_cmd_len=8192
lt_cv_to_host_file_cmd=func_convert_file_msys_to_w32
lt_cv_to_tool_file_cmd=func_convert_file_msys_to_w32

## ----------------- ##
## Output variables. ##
## ----------------- ##

ACLOCAL='${SHELL} /c/Users/HidekiAI/projects/github/kakasi/missing --run aclocal-1.11'
AMDEPBACKSLASH='\'
AMDEP_FALSE='#'
AMDEP_TRUE=''
AMTAR='$${TAR-tar}'
AR='ar'
AUTOCONF='${SHELL} /c/Users/HidekiAI/projects/github/kakasi/missing --run autoconf'
AUTOHEADER='${SHELL} /c/Users/HidekiAI/projects/github/kakasi/missing --run autoheader'
AUTOMAKE='${SHELL} /c/Users/HidekiAI/projects/github/kakasi/missing --run automake-1.11'
AWK='gawk'
CC='/clang64/bin/clang.exe'
CCDEPMODE='depmode=none'
CFLAGS='-Wall -O2 -Wall -Wunused -Wuninitialized -Wmissing-declarations -Wmissing-prototypes -pedantic -Wno-unused-result'
CPP='/clang64/bin/clang-cpp.exe'
CPPFLAGS='-I/clang64/include'
CYGPATH_W='cygpath -w'
DEFS='-DHAVE_CONFIG_H'
DEPDIR='.deps'
DLLTOOL='dlltool'
DSYMUTIL=''
DUMPBIN=''
ECHO_C=''
ECHO_N='-n'
ECHO_T=''
EGREP='/usr/bin/grep -E'
EXEEXT='.exe'
FGREP='/usr/bin/grep -F'
GREP='/usr/bin/grep'
INSTALL_DATA='${INSTALL} -m 644'
INSTALL_PROGRAM='${INSTALL}'
INSTALL_SCRIPT='${INSTALL}'
INSTALL_STRIP_PROGRAM='$(install_sh) -c -s'
LD='C:/msys64/clang64/bin/ld'
LDFLAGS='-L/clang64/lib'
LIBICONV=''
LIBOBJS=''
LIBS=' -liconv'
LIBTOOL='$(SHELL) $(top_builddir)/libtool'
LIPO=''
LN_S='cp -pR'
LTLIBICONV=''
LTLIBOBJS=''
MAINT='#'
MAINTAINER_MODE_FALSE=''
MAINTAINER_MODE_TRUE='#'
MAKEINFO='${SHELL} /c/Users/HidekiAI/projects/github/kakasi/missing --run makeinfo'
MANIFEST_TOOL=':'
MKDIR_P='/usr/bin/mkdir -p'
NM='/mingw64/bin/nm -B'
NMEDIT=''
OBJDUMP='objdump'
OBJEXT='o'
OTOOL64=''
OTOOL=''
PACKAGE='kakasi'
PACKAGE_BUGREPORT=''
PACKAGE_NAME=''
PACKAGE_STRING=''
PACKAGE_TARNAME=''
PACKAGE_URL=''
PACKAGE_VERSION=''
PATH_SEPARATOR=':'
RANLIB='ranlib'
SED='/usr/bin/sed'
SET_MAKE=''
SHELL='/bin/sh'
STRIP='strip'
VERSION='2.3.6'
ac_ct_AR='ar'
ac_ct_CC='/clang64/bin/clang.exe'
ac_ct_DUMPBIN=''
am__EXEEXT_FALSE='#'
am__EXEEXT_TRUE=''
am__fastdepCC_FALSE=''
am__fastdepCC_TRUE='#'
am__include='include'
am__isrc=''
am__leading_dot='.'
am__nodep='_no'
am__quote=''
am__tar='$${TAR-tar} chof - "$$tardir"'
am__untar='$${TAR-tar} xf -'
bindir='${exec_prefix}/bin'
build='x86_64-w64-mingw32'
build_alias='x86_64-w64-mingw32'
build_cpu='x86_64'
build_os='mingw32'
build_vendor='w64'
datadir='${datarootdir}'
datarootdir='${prefix}/share'
docdir='${datarootdir}/doc/${PACKAGE}'
dvidir='${docdir}'
exec_prefix='${prefix}'
host='x86_64-w64-mingw32'
host_alias=''
host_cpu='x86_64'
host_os='mingw32'
host_vendor='w64'
htmldir='${docdir}'
includedir='${prefix}/include'
infodir='${datarootdir}/info'
install_sh='${SHELL} /c/Users/HidekiAI/projects/github/kakasi/install-sh'
libdir='${exec_prefix}/lib'
libexecdir='${exec_prefix}/libexec'
localedir='${datarootdir}/locale'
localstatedir='${prefix}/var'
mandir='${datarootdir}/man'
mkdir_p='/usr/bin/mkdir -p'
oldincludedir='/usr/include'
pdfdir='${docdir}'
prefix='/mingw64'
program_transform_name='s,x,x,'
psdir='${docdir}'
sbindir='${exec_prefix}/sbin'
sharedstatedir='${prefix}/com'
sysconfdir='${prefix}/etc'
target_alias=''

## ----------- ##
## confdefs.h. ##
## ----------- ##

/* confdefs.h */
#define PACKAGE_NAME ""
#define PACKAGE_TARNAME ""
#define PACKAGE_VERSION ""
#define PACKAGE_STRING ""
#define PACKAGE_BUGREPORT ""
#define PACKAGE_URL ""
#define PACKAGE "kakasi"
#define VERSION "2.3.6"
#define STDC_HEADERS 1
#define HAVE_SYS_TYPES_H 1
#define HAVE_SYS_STAT_H 1
#define HAVE_STDLIB_H 1
#define HAVE_STRING_H 1
#define HAVE_MEMORY_H 1
#define HAVE_STRINGS_H 1
#define HAVE_INTTYPES_H 1
#define HAVE_STDINT_H 1
#define HAVE_UNISTD_H 1
#define LT_OBJDIR ".libs/"
#define STDC_HEADERS 1
#define HAVE_MALLOC_H 1
#define HAVE_STRING_H 1
#define HAVE_STRINGS_H 1
#define HAVE_MEMMOVE 1
#define WAKATIGAKI 1
#define EACH_YOMI 1
#define HAVE_ICONV 1
#define ICONV_CONST 
#define KAKASI_SUPPORT_UTF8 1

configure: exit 0
